<?xml version="1.0" encoding="UTF-8"?>
<Site BuildName="Linux-c++"
	BuildStamp="20240918-2013-Experimental"
	Name="LAPTOP-1FHQ9C4H"
	Generator="ctest-3.28.3"
	CompilerName="/usr/bin/c++"
	CompilerVersion="13.2.0"
	OSName="Linux"
	Hostname="LAPTOP-1FHQ9C4H"
	OSRelease="5.15.153.1-microsoft-standard-WSL2"
	OSVersion="#1 SMP Fri Mar 29 23:14:13 UTC 2024"
	OSPlatform="x86_64"
	Is64Bits="1"
	VendorString="GenuineIntel"
	VendorID="Intel Corporation"
	FamilyID="6"
	ModelID="140"
	ProcessorCacheSize="8192"
	NumberOfLogicalCPU="8"
	NumberOfPhysicalCPU="4"
	TotalVirtualMemory="2048"
	TotalPhysicalMemory="7836"
	LogicalProcessorsPerPhysical="2"
	ProcessorClockFrequency="3187.22"
	>
	<Testing>
		<StartDateTime>Sep 18 23:13 MSK</StartDateTime>
		<StartTestTime>1726690413</StartTestTime>
		<TestList/>
		<EndDateTime>Sep 18 23:13 MSK</EndDateTime>
		<EndTestTime>1726690413</EndTestTime>
		<ElapsedMinutes>0</ElapsedMinutes>
	</Testing>
</Site>
